Using pre-set license
Built from '2020.3/staging' branch; Version is '2020.3.11f1 (99c7afb366b3) revision 10078127'; Using compiler version '192528614'; Build Type 'Release'
OS: 'Windows 10 Home Single Language; OS build 19043.1766; Version 2009; 64bit' Language: 'ru' Physical Memory: 8077 MB
BatchMode: 1, IsHumanControllingUs: 0, StartBugReporterOnCrash: 0, Is64bit: 1, IsPro: 0

 COMMAND LINE ARGUMENTS:
C:\Program Files\Unity\Hub\Editor\2020.3.11f1\Editor\Unity.exe
-adb2
-batchMode
-noUpm
-name
AssetImportWorker0
-projectPath
D:/NavMeshTutor/NavMesh-Tutorial/NavMesh Example Project
-logFile
Logs/AssetImportWorker0.log
-srvPort
62006
Successfully changed project path to: D:/NavMeshTutor/NavMesh-Tutorial/NavMesh Example Project
D:/NavMeshTutor/NavMesh-Tutorial/NavMesh Example Project
Using Asset Import Pipeline V2.
Refreshing native plugins compatible for Editor in 160.69 ms, found 2 plugins.
Preloading 0 native plugins for Editor in 0.00 ms.
Initialize engine version: 2020.3.11f1 (99c7afb366b3)
[Subsystems] Discovering subsystems at path C:/Program Files/Unity/Hub/Editor/2020.3.11f1/Editor/Data/Resources/UnitySubsystems
[Subsystems] Discovering subsystems at path D:/NavMeshTutor/NavMesh-Tutorial/NavMesh Example Project/Assets
GfxDevice: creating device client; threaded=0
Direct3D:
    Version:  Direct3D 11.0 [level 11.0]
    Renderer: NVIDIA GeForce GT 720M (ID=0x1140)
    Vendor:   
    VRAM:     2000 MB
    Driver:   23.21.13.8857
Initialize mono
Mono path[0] = 'C:/Program Files/Unity/Hub/Editor/2020.3.11f1/Editor/Data/Managed'
Mono path[1] = 'C:/Program Files/Unity/Hub/Editor/2020.3.11f1/Editor/Data/MonoBleedingEdge/lib/mono/unityjit'
Mono config path = 'C:/Program Files/Unity/Hub/Editor/2020.3.11f1/Editor/Data/MonoBleedingEdge/etc'
Using monoOptions --debugger-agent=transport=dt_socket,embedding=1,server=y,suspend=n,address=127.0.0.1:56804
Begin MonoManager ReloadAssembly
Registering precompiled unity dll's ...
Register platform support module: C:/Program Files/Unity/Hub/Editor/2020.3.11f1/Editor/Data/PlaybackEngines/WindowsStandaloneSupport/UnityEditor.WindowsStandalone.Extensions.dll
Registered in 0.014306 seconds.
Native extension for WindowsStandalone target not found
Refreshing native plugins compatible for Editor in 164.57 ms, found 2 plugins.
Preloading 0 native plugins for Editor in 0.00 ms.
Mono: successfully reloaded assembly
- Completed reload, in 13.802 seconds
Platform modules already initialized, skipping
Registering precompiled user dll's ...
Registered in 0.013495 seconds.
Begin MonoManager ReloadAssembly
Native extension for WindowsStandalone target not found
Refreshing native plugins compatible for Editor in 2.46 ms, found 2 plugins.
Preloading 0 native plugins for Editor in 0.00 ms.
Mono: successfully reloaded assembly
- Completed reload, in  4.114 seconds
Platform modules already initialized, skipping
========================================================================
Worker process is ready to serve import requests
Launched and connected shader compiler UnityShaderCompiler.exe after 0.14 seconds
Refreshing native plugins compatible for Editor in 0.79 ms, found 2 plugins.
Preloading 0 native plugins for Editor in 0.00 ms.
Unloading 1406 Unused Serialized files (Serialized files now loaded: 0)
System memory in use before: 65.3 MB.
System memory in use after: 65.3 MB.

Unloading 18 unused Assets to reduce memory usage. Loaded Objects now: 1841.
Total: 8.357800 ms (FindLiveObjects: 1.293900 ms CreateObjectMapping: 0.394100 ms MarkObjects: 6.451300 ms  DeleteObjects: 0.213600 ms)

========================================================================
Received Import Request.
  path: Assets/Game.unity
  artifactKey: Guid(3b7d1a8aea3e8e544bbd87836cfae60e) Importer(815301076,1909f56bfc062723c751e8b465ee728b)
Start importing Assets/Game.unity using Guid(3b7d1a8aea3e8e544bbd87836cfae60e) Importer(815301076,1909f56bfc062723c751e8b465ee728b)  -> (artifact id: '5593e305e25b30b83ac38e4f79fd0602') in 0.088770 seconds
  Import took 0.096185 seconds .

========================================================================
Received Import Request.
  Time since last request: 206.320510 seconds.
  path: Assets/Example05 - LowMan/PlayerController.cs
  artifactKey: Guid(14c3c6f73295afd408204d1a272074d0) Importer(815301076,1909f56bfc062723c751e8b465ee728b)
Start importing Assets/Example05 - LowMan/PlayerController.cs using Guid(14c3c6f73295afd408204d1a272074d0) Importer(815301076,1909f56bfc062723c751e8b465ee728b)  -> (artifact id: 'b0bd7f047830c1d5ab485c5f6c1c2982') in 0.207907 seconds
  Import took 0.221324 seconds .

========================================================================
Received Import Request.
  Time since last request: 0.031574 seconds.
  path: Assets/Example05 - LowMan/PlayerController.cs
  artifactKey: Guid(14c3c6f73295afd408204d1a272074d0) Importer(815301076,1909f56bfc062723c751e8b465ee728b)
Start importing Assets/Example05 - LowMan/PlayerController.cs using Guid(14c3c6f73295afd408204d1a272074d0) Importer(815301076,1909f56bfc062723c751e8b465ee728b)  -> (artifact id: 'b0bd7f047830c1d5ab485c5f6c1c2982') in 0.018073 seconds
  Import took 0.031910 seconds .

========================================================================
Received Import Request.
  Time since last request: 222.096899 seconds.
  path: Assets/Example05 - LowMan/PlayerController.cs
  artifactKey: Guid(14c3c6f73295afd408204d1a272074d0) Importer(815301076,1909f56bfc062723c751e8b465ee728b)
Start importing Assets/Example05 - LowMan/PlayerController.cs using Guid(14c3c6f73295afd408204d1a272074d0) Importer(815301076,1909f56bfc062723c751e8b465ee728b)  -> (artifact id: 'fd3b47f7352786e4ea9c4640bb5b16fa') in 0.200870 seconds
  Import took 0.333602 seconds .

========================================================================
Received Import Request.
  Time since last request: 60.629333 seconds.
  path: Assets/Example05 - LowMan/PlayerController.cs
  artifactKey: Guid(14c3c6f73295afd408204d1a272074d0) Importer(815301076,1909f56bfc062723c751e8b465ee728b)
Start importing Assets/Example05 - LowMan/PlayerController.cs using Guid(14c3c6f73295afd408204d1a272074d0) Importer(815301076,1909f56bfc062723c751e8b465ee728b)  -> (artifact id: '591b3349ab4594825afb929e984a7088') in 0.022375 seconds
  Import took 0.071696 seconds .

========================================================================
Received Prepare
Registering precompiled user dll's ...
Registered in 0.019667 seconds.
Begin MonoManager ReloadAssembly
Native extension for WindowsStandalone target not found
Refreshing native plugins compatible for Editor in 2.41 ms, found 2 plugins.
Preloading 0 native plugins for Editor in 0.00 ms.
Mono: successfully reloaded assembly
- Completed reload, in  6.573 seconds
Platform modules already initialized, skipping
Refreshing native plugins compatible for Editor in 0.99 ms, found 2 plugins.
Preloading 0 native plugins for Editor in 0.00 ms.
Unloading 1400 Unused Serialized files (Serialized files now loaded: 0)
System memory in use before: 65.0 MB.
System memory in use after: 65.1 MB.

Unloading 13 unused Assets to reduce memory usage. Loaded Objects now: 1844.
Total: 9.351200 ms (FindLiveObjects: 0.376500 ms CreateObjectMapping: 0.216000 ms MarkObjects: 8.701200 ms  DeleteObjects: 0.053000 ms)

========================================================================
Received Prepare
Registering precompiled user dll's ...
Registered in 0.022756 seconds.
Begin MonoManager ReloadAssembly
Native extension for WindowsStandalone target not found
Refreshing native plugins compatible for Editor in 1.74 ms, found 2 plugins.
Preloading 0 native plugins for Editor in 0.00 ms.
Mono: successfully reloaded assembly
- Completed reload, in  6.996 seconds
Platform modules already initialized, skipping
Refreshing native plugins compatible for Editor in 1.35 ms, found 2 plugins.
Preloading 0 native plugins for Editor in 0.00 ms.
Unloading 1400 Unused Serialized files (Serialized files now loaded: 0)
System memory in use before: 65.1 MB.
System memory in use after: 65.2 MB.

Unloading 13 unused Assets to reduce memory usage. Loaded Objects now: 1847.
Total: 9.007600 ms (FindLiveObjects: 0.983500 ms CreateObjectMapping: 0.380300 ms MarkObjects: 7.562600 ms  DeleteObjects: 0.075600 ms)

========================================================================
Received Prepare
Registering precompiled user dll's ...
Registered in 0.017828 seconds.
Begin MonoManager ReloadAssembly
Native extension for WindowsStandalone target not found
Refreshing native plugins compatible for Editor in 1.28 ms, found 2 plugins.
Preloading 0 native plugins for Editor in 0.00 ms.
Mono: successfully reloaded assembly
- Completed reload, in  6.976 seconds
Platform modules already initialized, skipping
Refreshing native plugins compatible for Editor in 2.15 ms, found 2 plugins.
Preloading 0 native plugins for Editor in 0.00 ms.
Unloading 1400 Unused Serialized files (Serialized files now loaded: 0)
System memory in use before: 65.1 MB.
System memory in use after: 65.2 MB.

Unloading 13 unused Assets to reduce memory usage. Loaded Objects now: 1850.
Total: 27.515700 ms (FindLiveObjects: 0.933800 ms CreateObjectMapping: 0.529700 ms MarkObjects: 25.935700 ms  DeleteObjects: 0.109000 ms)

========================================================================
Received Prepare
Registering precompiled user dll's ...
Registered in 0.013044 seconds.
Begin MonoManager ReloadAssembly
Native extension for WindowsStandalone target not found
Refreshing native plugins compatible for Editor in 1.34 ms, found 2 plugins.
Preloading 0 native plugins for Editor in 0.00 ms.
Mono: successfully reloaded assembly
- Completed reload, in  8.362 seconds
Platform modules already initialized, skipping
Refreshing native plugins compatible for Editor in 2.37 ms, found 2 plugins.
Preloading 0 native plugins for Editor in 0.00 ms.
Unloading 1400 Unused Serialized files (Serialized files now loaded: 0)
System memory in use before: 65.1 MB.
System memory in use after: 65.2 MB.

Unloading 13 unused Assets to reduce memory usage. Loaded Objects now: 1853.
Total: 9.481700 ms (FindLiveObjects: 0.451500 ms CreateObjectMapping: 0.236600 ms MarkObjects: 8.713700 ms  DeleteObjects: 0.075100 ms)

========================================================================
Received Prepare
Registering precompiled user dll's ...
Registered in 0.016541 seconds.
Begin MonoManager ReloadAssembly
Native extension for WindowsStandalone target not found
Refreshing native plugins compatible for Editor in 1.27 ms, found 2 plugins.
Preloading 0 native plugins for Editor in 0.00 ms.
Mono: successfully reloaded assembly
- Completed reload, in  7.530 seconds
Platform modules already initialized, skipping
Refreshing native plugins compatible for Editor in 1.47 ms, found 2 plugins.
Preloading 0 native plugins for Editor in 0.00 ms.
Unloading 1400 Unused Serialized files (Serialized files now loaded: 0)
System memory in use before: 65.1 MB.
System memory in use after: 65.2 MB.

Unloading 13 unused Assets to reduce memory usage. Loaded Objects now: 1856.
Total: 15.190900 ms (FindLiveObjects: 0.445600 ms CreateObjectMapping: 0.235300 ms MarkObjects: 14.307600 ms  DeleteObjects: 0.196700 ms)

========================================================================
Received Prepare
Registering precompiled user dll's ...
Registered in 0.013960 seconds.
Begin MonoManager ReloadAssembly
Native extension for WindowsStandalone target not found
Refreshing native plugins compatible for Editor in 0.97 ms, found 2 plugins.
Preloading 0 native plugins for Editor in 0.00 ms.
Mono: successfully reloaded assembly
- Completed reload, in  6.625 seconds
Platform modules already initialized, skipping
Refreshing native plugins compatible for Editor in 3.21 ms, found 2 plugins.
Preloading 0 native plugins for Editor in 0.00 ms.
Unloading 1400 Unused Serialized files (Serialized files now loaded: 0)
System memory in use before: 65.1 MB.
System memory in use after: 65.2 MB.

Unloading 13 unused Assets to reduce memory usage. Loaded Objects now: 1859.
Total: 6.544500 ms (FindLiveObjects: 0.509700 ms CreateObjectMapping: 0.164400 ms MarkObjects: 5.805500 ms  DeleteObjects: 0.060400 ms)

========================================================================
Received Prepare
Registering precompiled user dll's ...
Registered in 0.019026 seconds.
Begin MonoManager ReloadAssembly
Native extension for WindowsStandalone target not found
Refreshing native plugins compatible for Editor in 1.33 ms, found 2 plugins.
Preloading 0 native plugins for Editor in 0.00 ms.
Mono: successfully reloaded assembly
- Completed reload, in  7.026 seconds
Platform modules already initialized, skipping
Refreshing native plugins compatible for Editor in 1.79 ms, found 2 plugins.
Preloading 0 native plugins for Editor in 0.00 ms.
Unloading 1400 Unused Serialized files (Serialized files now loaded: 0)
System memory in use before: 65.1 MB.
System memory in use after: 65.2 MB.

Unloading 13 unused Assets to reduce memory usage. Loaded Objects now: 1862.
Total: 10.888600 ms (FindLiveObjects: 0.749100 ms CreateObjectMapping: 0.284200 ms MarkObjects: 9.777600 ms  DeleteObjects: 0.071900 ms)

========================================================================
Received Prepare
Registering precompiled user dll's ...
Registered in 0.020563 seconds.
Begin MonoManager ReloadAssembly
Native extension for WindowsStandalone target not found
Refreshing native plugins compatible for Editor in 1.33 ms, found 2 plugins.
Preloading 0 native plugins for Editor in 0.00 ms.
Mono: successfully reloaded assembly
- Completed reload, in  6.581 seconds
Platform modules already initialized, skipping
Refreshing native plugins compatible for Editor in 1.31 ms, found 2 plugins.
Preloading 0 native plugins for Editor in 0.00 ms.
Unloading 1400 Unused Serialized files (Serialized files now loaded: 0)
System memory in use before: 65.1 MB.
System memory in use after: 65.2 MB.

Unloading 13 unused Assets to reduce memory usage. Loaded Objects now: 1865.
Total: 11.667000 ms (FindLiveObjects: 0.758500 ms CreateObjectMapping: 0.281100 ms MarkObjects: 10.426700 ms  DeleteObjects: 0.193900 ms)

========================================================================
Received Prepare
Registering precompiled user dll's ...
Registered in 0.017377 seconds.
Begin MonoManager ReloadAssembly
Native extension for WindowsStandalone target not found
Refreshing native plugins compatible for Editor in 1.37 ms, found 2 plugins.
Preloading 0 native plugins for Editor in 0.00 ms.
Mono: successfully reloaded assembly
- Completed reload, in  6.441 seconds
Platform modules already initialized, skipping
Refreshing native plugins compatible for Editor in 2.93 ms, found 2 plugins.
Preloading 0 native plugins for Editor in 0.00 ms.
Unloading 1400 Unused Serialized files (Serialized files now loaded: 0)
System memory in use before: 65.1 MB.
System memory in use after: 65.2 MB.

Unloading 13 unused Assets to reduce memory usage. Loaded Objects now: 1868.
Total: 10.231500 ms (FindLiveObjects: 0.466100 ms CreateObjectMapping: 0.232400 ms MarkObjects: 9.436500 ms  DeleteObjects: 0.090900 ms)

========================================================================
Received Prepare
Registering precompiled user dll's ...
Registered in 0.037827 seconds.
Begin MonoManager ReloadAssembly
Native extension for WindowsStandalone target not found
Refreshing native plugins compatible for Editor in 2.02 ms, found 2 plugins.
Preloading 0 native plugins for Editor in 0.00 ms.
Mono: successfully reloaded assembly
- Completed reload, in  8.829 seconds
Platform modules already initialized, skipping
Refreshing native plugins compatible for Editor in 1.18 ms, found 2 plugins.
Preloading 0 native plugins for Editor in 0.00 ms.
Unloading 1400 Unused Serialized files (Serialized files now loaded: 0)
System memory in use before: 65.1 MB.
System memory in use after: 65.2 MB.

Unloading 13 unused Assets to reduce memory usage. Loaded Objects now: 1871.
Total: 14.133100 ms (FindLiveObjects: 6.477400 ms CreateObjectMapping: 0.464000 ms MarkObjects: 7.130800 ms  DeleteObjects: 0.057400 ms)

========================================================================
Received Import Request.
  Time since last request: 13776.586909 seconds.
  path: Assets/Sprites/Icon.png
  artifactKey: Guid(aab4abb6f202fc4438ec69afd8690bdf) Importer(815301076,1909f56bfc062723c751e8b465ee728b)
Start importing Assets/Sprites/Icon.png using Guid(aab4abb6f202fc4438ec69afd8690bdf) Importer(815301076,1909f56bfc062723c751e8b465ee728b)  -> (artifact id: 'ca033143b586ed260c26319daa1d1eff') in 0.685148 seconds
  Import took 0.722358 seconds .

========================================================================
Received Import Request.
  Time since last request: 9.656018 seconds.
  path: Assets/Sprites/Icon.png
  artifactKey: Guid(aab4abb6f202fc4438ec69afd8690bdf) Importer(815301076,1909f56bfc062723c751e8b465ee728b)
Start importing Assets/Sprites/Icon.png using Guid(aab4abb6f202fc4438ec69afd8690bdf) Importer(815301076,1909f56bfc062723c751e8b465ee728b)  -> (artifact id: 'e8e9b09203aeb7e38291153b78d115dd') in 0.458210 seconds
  Import took 0.509354 seconds .

========================================================================
Received Prepare
Refreshing native plugins compatible for Editor in 14.19 ms, found 2 plugins.
Preloading 0 native plugins for Editor in 0.00 ms.
Unloading 11 Unused Serialized files (Serialized files now loaded: 0)
System memory in use before: 40.9 MB.
System memory in use after: 41.1 MB.

Unloading 11 unused Assets to reduce memory usage. Loaded Objects now: 1878.
Total: 12.859900 ms (FindLiveObjects: 0.978900 ms CreateObjectMapping: 0.444100 ms MarkObjects: 11.368100 ms  DeleteObjects: 0.063100 ms)

========================================================================
Received Prepare
Refreshing native plugins compatible for Editor in 16.71 ms, found 2 plugins.
Preloading 0 native plugins for Editor in 0.00 ms.
Unloading 11 Unused Serialized files (Serialized files now loaded: 0)
System memory in use before: 40.9 MB.
System memory in use after: 41.1 MB.

Unloading 11 unused Assets to reduce memory usage. Loaded Objects now: 1878.
Total: 12.721800 ms (FindLiveObjects: 0.494000 ms CreateObjectMapping: 0.234800 ms MarkObjects: 11.925000 ms  DeleteObjects: 0.063500 ms)

========================================================================
Received Prepare
Refreshing native plugins compatible for Editor in 9.15 ms, found 2 plugins.
Preloading 0 native plugins for Editor in 0.00 ms.
Unloading 11 Unused Serialized files (Serialized files now loaded: 0)
System memory in use before: 41.0 MB.
System memory in use after: 41.1 MB.

Unloading 11 unused Assets to reduce memory usage. Loaded Objects now: 1878.
Total: 7.838900 ms (FindLiveObjects: 0.277200 ms CreateObjectMapping: 0.130600 ms MarkObjects: 7.380300 ms  DeleteObjects: 0.043900 ms)

========================================================================
Received Prepare
Registering precompiled user dll's ...
Registered in 0.019393 seconds.
Begin MonoManager ReloadAssembly
Native extension for WindowsStandalone target not found
Refreshing native plugins compatible for Editor in 1.29 ms, found 2 plugins.
Preloading 0 native plugins for Editor in 0.00 ms.
Mono: successfully reloaded assembly
- Completed reload, in  6.449 seconds
Platform modules already initialized, skipping
Refreshing native plugins compatible for Editor in 1.60 ms, found 2 plugins.
Preloading 0 native plugins for Editor in 0.00 ms.
Unloading 1400 Unused Serialized files (Serialized files now loaded: 0)
System memory in use before: 68.3 MB.
System memory in use after: 68.4 MB.

Unloading 13 unused Assets to reduce memory usage. Loaded Objects now: 1881.
Total: 9.455500 ms (FindLiveObjects: 1.302800 ms CreateObjectMapping: 0.239500 ms MarkObjects: 7.810700 ms  DeleteObjects: 0.096100 ms)

========================================================================
Received Import Request.
  Time since last request: 916.537386 seconds.
  path: Assets/Load.unity
  artifactKey: Guid(86475a4e4878d0d4f9465e4286736975) Importer(815301076,1909f56bfc062723c751e8b465ee728b)
Start importing Assets/Load.unity using Guid(86475a4e4878d0d4f9465e4286736975) Importer(815301076,1909f56bfc062723c751e8b465ee728b)  -> (artifact id: '750a373c1b3dc69ee7de10962361c121') in 0.174069 seconds
  Import took 0.492523 seconds .

========================================================================
Received Import Request.
  Time since last request: 0.077723 seconds.
  path: Assets/Load.unity
  artifactKey: Guid(86475a4e4878d0d4f9465e4286736975) Importer(815301076,1909f56bfc062723c751e8b465ee728b)
Start importing Assets/Load.unity using Guid(86475a4e4878d0d4f9465e4286736975) Importer(815301076,1909f56bfc062723c751e8b465ee728b)  -> (artifact id: '750a373c1b3dc69ee7de10962361c121') in 0.023076 seconds
  Import took 0.061780 seconds .

========================================================================
Received Prepare
Registering precompiled user dll's ...
Registered in 0.037209 seconds.
Begin MonoManager ReloadAssembly
Native extension for WindowsStandalone target not found
Refreshing native plugins compatible for Editor in 1.17 ms, found 2 plugins.
Preloading 0 native plugins for Editor in 0.00 ms.
Mono: successfully reloaded assembly
- Completed reload, in  7.543 seconds
Platform modules already initialized, skipping
Refreshing native plugins compatible for Editor in 2.89 ms, found 2 plugins.
Preloading 0 native plugins for Editor in 0.00 ms.
Unloading 1400 Unused Serialized files (Serialized files now loaded: 0)
System memory in use before: 68.3 MB.
System memory in use after: 68.4 MB.

Unloading 13 unused Assets to reduce memory usage. Loaded Objects now: 1884.
Total: 17.553200 ms (FindLiveObjects: 1.117500 ms CreateObjectMapping: 0.552100 ms MarkObjects: 15.803100 ms  DeleteObjects: 0.074400 ms)

========================================================================
Received Prepare
Refreshing native plugins compatible for Editor in 7.87 ms, found 2 plugins.
Preloading 0 native plugins for Editor in 0.00 ms.
Unloading 11 Unused Serialized files (Serialized files now loaded: 0)
System memory in use before: 40.8 MB.
System memory in use after: 40.9 MB.

Unloading 11 unused Assets to reduce memory usage. Loaded Objects now: 1884.
Total: 17.076100 ms (FindLiveObjects: 0.550200 ms CreateObjectMapping: 1.005900 ms MarkObjects: 15.474200 ms  DeleteObjects: 0.038000 ms)

========================================================================
Received Prepare
Registering precompiled user dll's ...
Registered in 0.019195 seconds.
Begin MonoManager ReloadAssembly
Native extension for WindowsStandalone target not found
Refreshing native plugins compatible for Editor in 0.92 ms, found 2 plugins.
Preloading 0 native plugins for Editor in 0.00 ms.
Mono: successfully reloaded assembly
- Completed reload, in  6.057 seconds
Platform modules already initialized, skipping
Switching build target platform(19) subTarget(0) extendedPlatform(0) -> platform(13) subTarget(589824) extendedPlatform(0)
Refreshing native plugins compatible for Editor in 0.98 ms, found 2 plugins.
Preloading 0 native plugins for Editor in 0.00 ms.
Unloading 1404 Unused Serialized files (Serialized files now loaded: 0)
System memory in use before: 68.2 MB.
System memory in use after: 68.3 MB.

Unloading 13 unused Assets to reduce memory usage. Loaded Objects now: 1887.
Total: 4.216500 ms (FindLiveObjects: 0.284600 ms CreateObjectMapping: 0.127900 ms MarkObjects: 3.760300 ms  DeleteObjects: 0.040800 ms)

AssetImportParameters requested are different than current active one (requested -> active):
  custom:graphics/normal-map-encoding: 01000000000000000000000000000000 -> 02000000000000000000000000000000
========================================================================
Received Prepare
Refreshing native plugins compatible for Editor in 16.60 ms, found 2 plugins.
Preloading 0 native plugins for Editor in 0.00 ms.
Unloading 11 Unused Serialized files (Serialized files now loaded: 0)
System memory in use before: 40.6 MB.
System memory in use after: 40.7 MB.

Unloading 11 unused Assets to reduce memory usage. Loaded Objects now: 1887.
Total: 12.853100 ms (FindLiveObjects: 0.376100 ms CreateObjectMapping: 0.137000 ms MarkObjects: 12.283900 ms  DeleteObjects: 0.052600 ms)

========================================================================
Received Import Request.
  Time since last request: 389.436228 seconds.
  path: Assets/Sprites/Icon.png
  artifactKey: Guid(aab4abb6f202fc4438ec69afd8690bdf) Importer(815301076,1909f56bfc062723c751e8b465ee728b)
Start importing Assets/Sprites/Icon.png using Guid(aab4abb6f202fc4438ec69afd8690bdf) Importer(815301076,1909f56bfc062723c751e8b465ee728b)  -> (artifact id: '6d37375dfbe90e70b8e1f124d6cb87ae') in 13.979733 seconds
  Import took 13.991697 seconds .

========================================================================
Received Prepare
Refreshing native plugins compatible for Editor in 17.27 ms, found 2 plugins.
Preloading 0 native plugins for Editor in 0.00 ms.
Unloading 11 Unused Serialized files (Serialized files now loaded: 0)
System memory in use before: 40.7 MB.
System memory in use after: 40.8 MB.

Unloading 11 unused Assets to reduce memory usage. Loaded Objects now: 1888.
Total: 11.293700 ms (FindLiveObjects: 0.504800 ms CreateObjectMapping: 0.234300 ms MarkObjects: 10.472000 ms  DeleteObjects: 0.076200 ms)

